<?xml version="1.0" encoding="UTF-8" standalone="yes"?>
<ns2:test-suite start="1492769947787" stop="1492770351424" version="1.5.1" xmlns:ns2="urn:model.allure.qatools.yandex.ru">
    <name>Suite : ContactUsTest</name>
    <title>Suite : ContactUsTest</title>
    <test-cases>
        <test-case start="1492769979840" stop="1492769981459" status="passed">
            <name>btnDefaultColor</name>
            <description>button has blue color</description>
            <steps/>
            <attachments/>
            <labels>
                <label name="testSuite" value="Suite"/>
                <label name="testGroup" value="ContactUsTest"/>
                <label name="testClass" value="dmsDws.tools.map2.widgets.advancedSearchHorizontal.AdvSearchHorizSearchButton"/>
                <label name="testMethod" value="btnDefaultColor"/>
                <label name="host" value="Julia-PC"/>
                <label name="thread" value="1044@Julia-PC.main(1)"/>
            </labels>
        </test-case>
        <test-case start="1492769981467" stop="1492769982612" status="passed">
            <name>btnIsHover</name>
            <description>button has hover class (change color when move mouse on it)</description>
            <steps/>
            <attachments/>
            <labels>
                <label name="testSuite" value="Suite"/>
                <label name="testGroup" value="ContactUsTest"/>
                <label name="testClass" value="dmsDws.tools.map2.widgets.advancedSearchHorizontal.AdvSearchHorizSearchButton"/>
                <label name="testMethod" value="btnIsHover"/>
                <label name="host" value="Julia-PC"/>
                <label name="thread" value="1044@Julia-PC.main(1)"/>
            </labels>
        </test-case>
        <test-case start="1492769982614" stop="1492769983654" status="passed">
            <name>isBtnEnabled</name>
            <steps/>
            <attachments/>
            <labels>
                <label name="testSuite" value="Suite"/>
                <label name="testGroup" value="ContactUsTest"/>
                <label name="testClass" value="dmsDws.tools.map2.widgets.advancedSearchHorizontal.AdvSearchHorizSearchButton"/>
                <label name="testMethod" value="isBtnEnabled"/>
                <label name="host" value="Julia-PC"/>
                <label name="thread" value="1044@Julia-PC.main(1)"/>
            </labels>
        </test-case>
        <test-case start="1492769983655" stop="1492770084115" status="broken">
            <name>redirectOnInvFromCustom</name>
            <description>by click on search button it redirects on inventory page (from custom)</description>
            <failure>
                <message>NoSuchElementException: no such element: Unable to locate element: {"method":"xpath","selector":"//div[@id='jGrowl']//div[@class='message'][contains(text(), 'Page activated')]"}
  (Session info: chrome=57.0.2987.133)
  (Driver info: chromedriver=2.28.455520 (cc17746adff54984afff480136733114c6b3704b),platform=Windows NT 6.1.7601 SP1 x86_64) (WARNING: The server did not provide any stacktrace information)
Command duration or timeout: 90.03 seconds
For documentation on this error, please visit: http://seleniumhq.org/exceptions/no_such_element.html
Build info: version: '2.53.1', revision: 'a36b8b1cd5757287168e54b817830adce9b0158d', time: '2016-06-30 19:26:09'
System info: host: 'Julia-PC', ip: '192.168.56.1', os.name: 'Windows 7', os.arch: 'amd64', os.version: '6.1', java.version: '1.8.0_101'
Driver info: org.openqa.selenium.chrome.ChromeDriver
Capabilities [{applicationCacheEnabled=false, rotatable=false, mobileEmulationEnabled=false, networkConnectionEnabled=false, chrome={chromedriverVersion=2.28.455520 (cc17746adff54984afff480136733114c6b3704b), userDataDir=C:\Users\Julia\AppData\Local\Temp\scoped_dir4824_1279}, takesHeapSnapshot=true, pageLoadStrategy=normal, databaseEnabled=false, handlesAlerts=true, hasTouchScreen=false, version=57.0.2987.133, platform=XP, browserConnectionEnabled=false, nativeEvents=true, acceptSslCerts=true, locationContextEnabled=true, webStorageEnabled=true, browserName=chrome, takesScreenshot=true, javascriptEnabled=true, cssSelectorsEnabled=true, unexpectedAlertBehaviour=}]
Session ID: 4668f47785a2c56a49b2fb6781b4ce96
*** Element info: {Using=xpath, value=//div[@id='jGrowl']//div[@class='message'][contains(text(), 'Page activated')]}</message>
                <stack-trace>org.openqa.selenium.NoSuchElementException: no such element: Unable to locate element: {"method":"xpath","selector":"//div[@id='jGrowl']//div[@class='message'][contains(text(), 'Page activated')]"}
  (Session info: chrome=57.0.2987.133)
  (Driver info: chromedriver=2.28.455520 (cc17746adff54984afff480136733114c6b3704b),platform=Windows NT 6.1.7601 SP1 x86_64) (WARNING: The server did not provide any stacktrace information)
Command duration or timeout: 90.03 seconds
For documentation on this error, please visit: http://seleniumhq.org/exceptions/no_such_element.html
Build info: version: '2.53.1', revision: 'a36b8b1cd5757287168e54b817830adce9b0158d', time: '2016-06-30 19:26:09'
System info: host: 'Julia-PC', ip: '192.168.56.1', os.name: 'Windows 7', os.arch: 'amd64', os.version: '6.1', java.version: '1.8.0_101'
Driver info: org.openqa.selenium.chrome.ChromeDriver
Capabilities [{applicationCacheEnabled=false, rotatable=false, mobileEmulationEnabled=false, networkConnectionEnabled=false, chrome={chromedriverVersion=2.28.455520 (cc17746adff54984afff480136733114c6b3704b), userDataDir=C:\Users\Julia\AppData\Local\Temp\scoped_dir4824_1279}, takesHeapSnapshot=true, pageLoadStrategy=normal, databaseEnabled=false, handlesAlerts=true, hasTouchScreen=false, version=57.0.2987.133, platform=XP, browserConnectionEnabled=false, nativeEvents=true, acceptSslCerts=true, locationContextEnabled=true, webStorageEnabled=true, browserName=chrome, takesScreenshot=true, javascriptEnabled=true, cssSelectorsEnabled=true, unexpectedAlertBehaviour=}]
Session ID: 4668f47785a2c56a49b2fb6781b4ce96
*** Element info: {Using=xpath, value=//div[@id='jGrowl']//div[@class='message'][contains(text(), 'Page activated')]}
	at sun.reflect.NativeConstructorAccessorImpl.newInstance0(Native Method)
	at sun.reflect.NativeConstructorAccessorImpl.newInstance(NativeConstructorAccessorImpl.java:62)
	at sun.reflect.DelegatingConstructorAccessorImpl.newInstance(DelegatingConstructorAccessorImpl.java:45)
	at java.lang.reflect.Constructor.newInstance(Constructor.java:423)
	at org.openqa.selenium.remote.ErrorHandler.createThrowable(ErrorHandler.java:206)
	at org.openqa.selenium.remote.ErrorHandler.throwIfResponseFailed(ErrorHandler.java:158)
	at org.openqa.selenium.remote.RemoteWebDriver.execute(RemoteWebDriver.java:678)
	at org.openqa.selenium.remote.RemoteWebDriver.findElement(RemoteWebDriver.java:363)
	at org.openqa.selenium.remote.RemoteWebDriver.findElementByXPath(RemoteWebDriver.java:500)
	at org.openqa.selenium.By$ByXPath.findElement(By.java:361)
	at org.openqa.selenium.remote.RemoteWebDriver.findElement(RemoteWebDriver.java:355)
	at dmsDws.tools.map2.widgets.advancedSearchHorizontal.AdvSearchHorizTestBase.isPageActivatedTooltipVisible(AdvSearchHorizTestBase.java:215)
	at dmsDws.tools.map2.widgets.advancedSearchHorizontal.AdvSearchHorizSearchButton.redirectOnInvFromCustom(AdvSearchHorizSearchButton.java:71)
	at sun.reflect.NativeMethodAccessorImpl.invoke0(Native Method)
	at sun.reflect.NativeMethodAccessorImpl.invoke(NativeMethodAccessorImpl.java:62)
	at sun.reflect.DelegatingMethodAccessorImpl.invoke(DelegatingMethodAccessorImpl.java:43)
	at java.lang.reflect.Method.invoke(Method.java:498)
	at org.testng.internal.MethodInvocationHelper.invokeMethod(MethodInvocationHelper.java:86)
	at org.testng.internal.Invoker.invokeMethod(Invoker.java:643)
	at org.testng.internal.Invoker.invokeTestMethod(Invoker.java:820)
	at org.testng.internal.Invoker.invokeTestMethods(Invoker.java:1128)
	at org.testng.internal.TestMethodWorker.invokeTestMethods(TestMethodWorker.java:129)
	at org.testng.internal.TestMethodWorker.run(TestMethodWorker.java:112)
	at org.testng.TestRunner.privateRun(TestRunner.java:782)
	at org.testng.TestRunner.run(TestRunner.java:632)
	at org.testng.SuiteRunner.runTest(SuiteRunner.java:366)
	at org.testng.SuiteRunner.runSequentially(SuiteRunner.java:361)
	at org.testng.SuiteRunner.privateRun(SuiteRunner.java:319)
	at org.testng.SuiteRunner.run(SuiteRunner.java:268)
	at org.testng.SuiteRunnerWorker.runSuite(SuiteRunnerWorker.java:52)
	at org.testng.SuiteRunnerWorker.run(SuiteRunnerWorker.java:86)
	at org.testng.TestNG.runSuitesSequentially(TestNG.java:1244)
	at org.testng.TestNG.runSuitesLocally(TestNG.java:1169)
	at org.testng.TestNG.run(TestNG.java:1064)
	at org.testng.IDEARemoteTestNG.run(IDEARemoteTestNG.java:72)
	at org.testng.RemoteTestNGStarter.main(RemoteTestNGStarter.java:127)
	at sun.reflect.NativeMethodAccessorImpl.invoke0(Native Method)
	at sun.reflect.NativeMethodAccessorImpl.invoke(NativeMethodAccessorImpl.java:62)
	at sun.reflect.DelegatingMethodAccessorImpl.invoke(DelegatingMethodAccessorImpl.java:43)
	at java.lang.reflect.Method.invoke(Method.java:498)
	at com.intellij.rt.execution.application.AppMain.main(AppMain.java:147)
</stack-trace>
            </failure>
            <steps/>
            <attachments/>
            <labels>
                <label name="testSuite" value="Suite"/>
                <label name="testGroup" value="ContactUsTest"/>
                <label name="testClass" value="dmsDws.tools.map2.widgets.advancedSearchHorizontal.AdvSearchHorizSearchButton"/>
                <label name="testMethod" value="redirectOnInvFromCustom"/>
                <label name="host" value="Julia-PC"/>
                <label name="thread" value="1044@Julia-PC.main(1)"/>
            </labels>
        </test-case>
        <test-case start="1492770084116" stop="1492770087307" status="passed">
            <name>redirectOnInvFromHome</name>
            <description>by click on search button it redirects on inventory page (from home)</description>
            <steps/>
            <attachments/>
            <labels>
                <label name="testSuite" value="Suite"/>
                <label name="testGroup" value="ContactUsTest"/>
                <label name="testClass" value="dmsDws.tools.map2.widgets.advancedSearchHorizontal.AdvSearchHorizSearchButton"/>
                <label name="testMethod" value="redirectOnInvFromHome"/>
                <label name="host" value="Julia-PC"/>
                <label name="thread" value="1044@Julia-PC.main(1)"/>
            </labels>
        </test-case>
        <test-case start="1492770087312" stop="1492770098923" status="passed">
            <name>redirectOnInvFromInventory</name>
            <description>by click on search button it redirects on inventory page (from inventory)</description>
            <steps/>
            <attachments/>
            <labels>
                <label name="testSuite" value="Suite"/>
                <label name="testGroup" value="ContactUsTest"/>
                <label name="testClass" value="dmsDws.tools.map2.widgets.advancedSearchHorizontal.AdvSearchHorizSearchButton"/>
                <label name="testMethod" value="redirectOnInvFromInventory"/>
                <label name="host" value="Julia-PC"/>
                <label name="thread" value="1044@Julia-PC.main(1)"/>
            </labels>
        </test-case>
        <test-case start="1492770098927" stop="1492770100027" status="passed">
            <name>textIsSearch</name>
            <description>button has 'Search' text</description>
            <steps/>
            <attachments/>
            <labels>
                <label name="testSuite" value="Suite"/>
                <label name="testGroup" value="ContactUsTest"/>
                <label name="testClass" value="dmsDws.tools.map2.widgets.advancedSearchHorizontal.AdvSearchHorizSearchButton"/>
                <label name="testMethod" value="textIsSearch"/>
                <label name="host" value="Julia-PC"/>
                <label name="thread" value="1044@Julia-PC.main(1)"/>
            </labels>
        </test-case>
        <test-case start="1492770137106" stop="1492770139380" status="passed">
            <name>clickedStyleSelectBackground</name>
            <steps/>
            <attachments/>
            <labels>
                <label name="testSuite" value="Suite"/>
                <label name="testGroup" value="ContactUsTest"/>
                <label name="testClass" value="dmsDws.tools.map2.widgets.advancedSearchHorizontal.AdvSearchHorizStyleSelect"/>
                <label name="testMethod" value="clickedStyleSelectBackground"/>
                <label name="host" value="Julia-PC"/>
                <label name="thread" value="1044@Julia-PC.main(1)"/>
            </labels>
        </test-case>
        <test-case start="1492770139381" stop="1492770140448" status="passed">
            <name>isStyleSelectEnabledOnHomePage</name>
            <steps/>
            <attachments/>
            <labels>
                <label name="testSuite" value="Suite"/>
                <label name="testGroup" value="ContactUsTest"/>
                <label name="testClass" value="dmsDws.tools.map2.widgets.advancedSearchHorizontal.AdvSearchHorizStyleSelect"/>
                <label name="testMethod" value="isStyleSelectEnabledOnHomePage"/>
                <label name="host" value="Julia-PC"/>
                <label name="thread" value="1044@Julia-PC.main(1)"/>
            </labels>
        </test-case>
        <test-case start="1492770140450" stop="1492770143677" status="passed">
            <name>noStyleInSearchResult</name>
            <steps/>
            <attachments/>
            <labels>
                <label name="testSuite" value="Suite"/>
                <label name="testGroup" value="ContactUsTest"/>
                <label name="testClass" value="dmsDws.tools.map2.widgets.advancedSearchHorizontal.AdvSearchHorizStyleSelect"/>
                <label name="testMethod" value="noStyleInSearchResult"/>
                <label name="host" value="Julia-PC"/>
                <label name="thread" value="1044@Julia-PC.main(1)"/>
            </labels>
        </test-case>
        <test-case start="1492770143680" stop="1492770144792" status="passed">
            <name>selectStyleByDefault</name>
            <steps/>
            <attachments/>
            <labels>
                <label name="testSuite" value="Suite"/>
                <label name="testGroup" value="ContactUsTest"/>
                <label name="testClass" value="dmsDws.tools.map2.widgets.advancedSearchHorizontal.AdvSearchHorizStyleSelect"/>
                <label name="testMethod" value="selectStyleByDefault"/>
                <label name="host" value="Julia-PC"/>
                <label name="thread" value="1044@Julia-PC.main(1)"/>
            </labels>
        </test-case>
        <test-case start="1492770144794" stop="1492770203999" status="passed">
            <name>styleNumberIsTheSameWithInventory</name>
            <steps/>
            <attachments/>
            <labels>
                <label name="testSuite" value="Suite"/>
                <label name="testGroup" value="ContactUsTest"/>
                <label name="testClass" value="dmsDws.tools.map2.widgets.advancedSearchHorizontal.AdvSearchHorizStyleSelect"/>
                <label name="testMethod" value="styleNumberIsTheSameWithInventory"/>
                <label name="host" value="Julia-PC"/>
                <label name="thread" value="1044@Julia-PC.main(1)"/>
            </labels>
        </test-case>
        <test-case start="1492770204007" stop="1492770227985" status="passed">
            <name>styleSelected</name>
            <steps/>
            <attachments/>
            <labels>
                <label name="testSuite" value="Suite"/>
                <label name="testGroup" value="ContactUsTest"/>
                <label name="testClass" value="dmsDws.tools.map2.widgets.advancedSearchHorizontal.AdvSearchHorizStyleSelect"/>
                <label name="testMethod" value="styleSelected"/>
                <label name="host" value="Julia-PC"/>
                <label name="thread" value="1044@Julia-PC.main(1)"/>
            </labels>
        </test-case>
        <test-case start="1492770227988" stop="1492770293156" status="passed">
            <name>styleValueIsInSearchResult</name>
            <steps/>
            <attachments/>
            <labels>
                <label name="testSuite" value="Suite"/>
                <label name="testGroup" value="ContactUsTest"/>
                <label name="testClass" value="dmsDws.tools.map2.widgets.advancedSearchHorizontal.AdvSearchHorizStyleSelect"/>
                <label name="testMethod" value="styleValueIsInSearchResult"/>
                <label name="host" value="Julia-PC"/>
                <label name="thread" value="1044@Julia-PC.main(1)"/>
            </labels>
        </test-case>
        <test-case start="1492770293159" stop="1492770345411" status="passed">
            <name>styleValueIsTheSameWithInventory</name>
            <steps/>
            <attachments/>
            <labels>
                <label name="testSuite" value="Suite"/>
                <label name="testGroup" value="ContactUsTest"/>
                <label name="testClass" value="dmsDws.tools.map2.widgets.advancedSearchHorizontal.AdvSearchHorizStyleSelect"/>
                <label name="testMethod" value="styleValueIsTheSameWithInventory"/>
                <label name="host" value="Julia-PC"/>
                <label name="thread" value="1044@Julia-PC.main(1)"/>
            </labels>
        </test-case>
    </test-cases>
    <labels>
        <label name="framework" value="TestNG"/>
        <label name="language" value="JAVA"/>
    </labels>
</ns2:test-suite>
